-------------------------------------------------------------------------------
Test set: GestorInventarioTest
-------------------------------------------------------------------------------
Tests run: 1, Failures: 0, Errors: 1, Skipped: 0, Time elapsed: 0.097 s <<< FAILURE! - in GestorInventarioTest
GestorInventarioTest.aumentarStock_deberiaIncrementarCantidadProducto  Time elapsed: 0.094 s  <<< ERROR!
java.lang.IllegalStateException: Could not initialize plugin: interface org.mockito.plugins.MockMaker (alternate: null)
	at GestorInventarioTest.aumentarStock_deberiaIncrementarCantidadProducto(GestorInventarioTest.java:30)
Caused by: java.lang.IllegalStateException: Internal problem occurred, please report it. Mockito is unable to load the default implementation of class that is a part of Mockito distribution. Failed to load interface org.mockito.plugins.MockMaker
	at GestorInventarioTest.aumentarStock_deberiaIncrementarCantidadProducto(GestorInventarioTest.java:30)
Caused by: java.lang.reflect.InvocationTargetException
	at GestorInventarioTest.aumentarStock_deberiaIncrementarCantidadProducto(GestorInventarioTest.java:30)
Caused by: java.lang.ExceptionInInitializerError
	at GestorInventarioTest.aumentarStock_deberiaIncrementarCantidadProducto(GestorInventarioTest.java:30)
Caused by: java.lang.NullPointerException: Cannot invoke "org.mockito.internal.configuration.plugins.PluginRegistry.getStackTraceCleanerProvider()" because "org.mockito.internal.configuration.plugins.Plugins.registry" is null
	at GestorInventarioTest.aumentarStock_deberiaIncrementarCantidadProducto(GestorInventarioTest.java:30)

